This file contains any messages produced by compilers while
running configure, to aid debugging if configure makes a mistake.

It was created by MonoTorrent.Interface configure 0.1, which was
generated by GNU Autoconf 2.61.  Invocation command line was

  $ ./configure --enable-maintainer-mode

## --------- ##
## Platform. ##
## --------- ##

hostname = mactop
uname -m = i686
uname -r = 2.6.22.13-0.3-default
uname -s = Linux
uname -v = #1 SMP 2007/11/19 15:02:58 UTC

/usr/bin/uname -p = unknown
/bin/uname -X     = unknown

/bin/arch              = i686
/usr/bin/arch -k       = unknown
/usr/convex/getsysinfo = unknown
/usr/bin/hostinfo      = unknown
/bin/machine           = unknown
/usr/bin/oslevel       = unknown
/bin/universe          = unknown

PATH: /home/alan/bin
PATH: /usr/local/bin
PATH: /usr/bin
PATH: /bin
PATH: /usr/bin/X11
PATH: /usr/X11R6/bin
PATH: /usr/games
PATH: /usr/lib/jvm/jre/bin
PATH: /usr/lib/mit/bin
PATH: /usr/lib/mit/sbin


## ----------- ##
## Core tests. ##
## ----------- ##

configure:1759: checking for a BSD-compatible install
configure:1815: result: /usr/bin/install -c
configure:1826: checking whether build environment is sane
configure:1869: result: yes
configure:1897: checking for a thread-safe mkdir -p
configure:1936: result: /bin/mkdir -p
configure:1949: checking for gawk
configure:1965: found /usr/bin/gawk
configure:1976: result: gawk
configure:1987: checking whether make sets $(MAKE)
configure:2008: result: yes
configure:2191: checking how to create a pax tar archive
configure:2204: tar --version
tar (GNU tar) 1.17
Copyright (C) 2007 Free Software Foundation, Inc.
License GPLv2+: GNU GPL version 2 or later <http://gnu.org/licenses/gpl.html>
This is free software: you are free to change and redistribute it.
There is NO WARRANTY, to the extent permitted by law.

Written by John Gilmore and Jay Fenlason.
configure:2207: $? = 0
configure:2247: tardir=conftest.dir && eval tar --format=posix -chf - "$tardir" >conftest.tar
configure:2250: $? = 0
configure:2254: tar -xf - <conftest.tar
configure:2257: $? = 0
configure:2270: result: gnutar
configure:2280: checking for pkg-config
configure:2298: found /usr/bin/pkg-config
configure:2311: result: /usr/bin/pkg-config
configure:2383: checking for a BSD-compatible install
configure:2439: result: /usr/bin/install -c
configure:2453: checking for gmcs
configure:2471: found /usr/bin/gmcs
configure:2484: result: /usr/bin/gmcs
configure:2656: checking pkg-config is at least version 0.9.0
configure:2659: result: yes
configure:2670: checking for GTK_SHARP_20
configure:2678: $PKG_CONFIG --exists --print-errors "gtk-sharp-2.0"
configure:2681: $? = 0
configure:2696: $PKG_CONFIG --exists --print-errors "gtk-sharp-2.0"
configure:2699: $? = 0
configure:2775: result: yes
configure:2781: checking for GNOME_VFS_SHARP_20
configure:2789: $PKG_CONFIG --exists --print-errors "gnome-vfs-sharp-2.0"
configure:2792: $? = 0
configure:2807: $PKG_CONFIG --exists --print-errors "gnome-vfs-sharp-2.0"
configure:2810: $? = 0
configure:2886: result: yes
configure:2892: checking for GNOME_SHARP_20
configure:2900: $PKG_CONFIG --exists --print-errors "gnome-sharp-2.0"
configure:2903: $? = 0
configure:2918: $PKG_CONFIG --exists --print-errors "gnome-sharp-2.0"
configure:2921: $? = 0
configure:2997: result: yes
configure:3003: checking for GLADE_SHARP_20
configure:3011: $PKG_CONFIG --exists --print-errors "glade-sharp-2.0"
configure:3014: $? = 0
configure:3029: $PKG_CONFIG --exists --print-errors "glade-sharp-2.0"
configure:3032: $? = 0
configure:3108: result: yes
configure:3114: checking for GLIB_SHARP_20
configure:3122: $PKG_CONFIG --exists --print-errors "glib-sharp-2.0"
configure:3125: $? = 0
configure:3140: $PKG_CONFIG --exists --print-errors "glib-sharp-2.0"
configure:3143: $? = 0
configure:3219: result: yes
configure:3225: checking for GCONF_SHARP_20
configure:3233: $PKG_CONFIG --exists --print-errors "gconf-sharp-2.0"
configure:3236: $? = 0
configure:3251: $PKG_CONFIG --exists --print-errors "gconf-sharp-2.0"
configure:3254: $? = 0
configure:3330: result: yes
configure:3491: creating ./config.status

## ---------------------- ##
## Running config.status. ##
## ---------------------- ##

This file was extended by MonoTorrent.Interface config.status 0.1, which was
generated by GNU Autoconf 2.61.  Invocation command line was

  CONFIG_FILES    = 
  CONFIG_HEADERS  = 
  CONFIG_LINKS    = 
  CONFIG_COMMANDS = 
  $ ./config.status 

on mactop

config.status:611: creating MonoTorrent.Interface/Makefile
config.status:611: creating Makefile
config.status:611: creating MonoTorrent.Interface/monotorrent.interface

## ---------------- ##
## Cache variables. ##
## ---------------- ##

ac_cv_env_GCONF_SHARP_20_CFLAGS_set=
ac_cv_env_GCONF_SHARP_20_CFLAGS_value=
ac_cv_env_GCONF_SHARP_20_LIBS_set=
ac_cv_env_GCONF_SHARP_20_LIBS_value=
ac_cv_env_GLADE_SHARP_20_CFLAGS_set=
ac_cv_env_GLADE_SHARP_20_CFLAGS_value=
ac_cv_env_GLADE_SHARP_20_LIBS_set=
ac_cv_env_GLADE_SHARP_20_LIBS_value=
ac_cv_env_GLIB_SHARP_20_CFLAGS_set=
ac_cv_env_GLIB_SHARP_20_CFLAGS_value=
ac_cv_env_GLIB_SHARP_20_LIBS_set=
ac_cv_env_GLIB_SHARP_20_LIBS_value=
ac_cv_env_GNOME_SHARP_20_CFLAGS_set=
ac_cv_env_GNOME_SHARP_20_CFLAGS_value=
ac_cv_env_GNOME_SHARP_20_LIBS_set=
ac_cv_env_GNOME_SHARP_20_LIBS_value=
ac_cv_env_GNOME_VFS_SHARP_20_CFLAGS_set=
ac_cv_env_GNOME_VFS_SHARP_20_CFLAGS_value=
ac_cv_env_GNOME_VFS_SHARP_20_LIBS_set=
ac_cv_env_GNOME_VFS_SHARP_20_LIBS_value=
ac_cv_env_GTK_SHARP_20_CFLAGS_set=
ac_cv_env_GTK_SHARP_20_CFLAGS_value=
ac_cv_env_GTK_SHARP_20_LIBS_set=
ac_cv_env_GTK_SHARP_20_LIBS_value=
ac_cv_env_PKG_CONFIG_set=
ac_cv_env_PKG_CONFIG_value=
ac_cv_env_build_alias_set=
ac_cv_env_build_alias_value=
ac_cv_env_host_alias_set=
ac_cv_env_host_alias_value=
ac_cv_env_target_alias_set=
ac_cv_env_target_alias_value=
ac_cv_path_GMCS=/usr/bin/gmcs
ac_cv_path_PKG_CONFIG=/usr/bin/pkg-config
ac_cv_path_install='/usr/bin/install -c'
ac_cv_path_mkdir=/bin/mkdir
ac_cv_prog_AWK=gawk
ac_cv_prog_make_make_set=yes
am_cv_prog_tar_pax=gnutar
pkg_cv_GCONF_SHARP_20_CFLAGS='-I:/usr/lib/pkgconfig/../../share/gapi-2.0/gnome-api.xml -I:/usr/lib/pkgconfig/../../share/gapi-2.0/pango-api.xml -I:/usr/lib/pkgconfig/../../share/gapi-2.0/atk-api.xml -I:/usr/lib/pkgconfig/../../share/gapi-2.0/gdk-api.xml -I:/usr/lib/pkgconfig/../../share/gapi-2.0/gtk-api.xml -I:/usr/lib/pkgconfig/../../share/gapi-2.0/art-api.xml -I:/usr/lib/pkgconfig/../../share/gapi-2.0/gnome-vfs-api.xml  '
pkg_cv_GCONF_SHARP_20_LIBS='-r:/usr/lib/pkgconfig/../../lib/mono/gtk-sharp-2.0/gconf-sharp.dll -r:/usr/lib/pkgconfig/../../lib/mono/gtk-sharp-2.0/gconf-sharp-peditors.dll -r:/usr/lib/pkgconfig/../../lib/mono/gtk-sharp-2.0/gnome-sharp.dll -r:/usr/lib/pkgconfig/../../lib/mono/gtk-sharp-2.0/pango-sharp.dll -r:/usr/lib/pkgconfig/../../lib/mono/gtk-sharp-2.0/atk-sharp.dll -r:/usr/lib/pkgconfig/../../lib/mono/gtk-sharp-2.0/gdk-sharp.dll -r:/usr/lib/pkgconfig/../../lib/mono/gtk-sharp-2.0/gtk-sharp.dll -r:/usr/lib/pkgconfig/../../lib/mono/gtk-sharp-2.0/art-sharp.dll -r:/usr/lib/pkgconfig/../../lib/mono/gtk-sharp-2.0/gnome-vfs-sharp.dll -r:/usr/lib/pkgconfig/../../lib/mono/gtk-sharp-2.0/glib-sharp.dll  '
pkg_cv_GLADE_SHARP_20_CFLAGS='-I:/usr/lib/pkgconfig/../../share/gapi-2.0/glade-api.xml -I:/usr/lib/pkgconfig/../../share/gapi-2.0/pango-api.xml -I:/usr/lib/pkgconfig/../../share/gapi-2.0/atk-api.xml -I:/usr/lib/pkgconfig/../../share/gapi-2.0/gdk-api.xml -I:/usr/lib/pkgconfig/../../share/gapi-2.0/gtk-api.xml  '
pkg_cv_GLADE_SHARP_20_LIBS='-r:/usr/lib/pkgconfig/../../lib/mono/gtk-sharp-2.0/glade-sharp.dll -r:/usr/lib/pkgconfig/../../lib/mono/gtk-sharp-2.0/pango-sharp.dll -r:/usr/lib/pkgconfig/../../lib/mono/gtk-sharp-2.0/atk-sharp.dll -r:/usr/lib/pkgconfig/../../lib/mono/gtk-sharp-2.0/gdk-sharp.dll -r:/usr/lib/pkgconfig/../../lib/mono/gtk-sharp-2.0/gtk-sharp.dll -r:/usr/lib/pkgconfig/../../lib/mono/gtk-sharp-2.0/glib-sharp.dll  '
pkg_cv_GLIB_SHARP_20_CFLAGS=' '
pkg_cv_GLIB_SHARP_20_LIBS='-r:/usr/lib/pkgconfig/../../lib/mono/gtk-sharp-2.0/glib-sharp.dll  '
pkg_cv_GNOME_SHARP_20_CFLAGS='-I:/usr/lib/pkgconfig/../../share/gapi-2.0/gnome-api.xml -I:/usr/lib/pkgconfig/../../share/gapi-2.0/pango-api.xml -I:/usr/lib/pkgconfig/../../share/gapi-2.0/atk-api.xml -I:/usr/lib/pkgconfig/../../share/gapi-2.0/gdk-api.xml -I:/usr/lib/pkgconfig/../../share/gapi-2.0/gtk-api.xml -I:/usr/lib/pkgconfig/../../share/gapi-2.0/art-api.xml -I:/usr/lib/pkgconfig/../../share/gapi-2.0/gnome-vfs-api.xml  '
pkg_cv_GNOME_SHARP_20_LIBS='-r:/usr/lib/pkgconfig/../../lib/mono/gtk-sharp-2.0/gnome-sharp.dll -r:/usr/lib/pkgconfig/../../lib/mono/gtk-sharp-2.0/pango-sharp.dll -r:/usr/lib/pkgconfig/../../lib/mono/gtk-sharp-2.0/atk-sharp.dll -r:/usr/lib/pkgconfig/../../lib/mono/gtk-sharp-2.0/gdk-sharp.dll -r:/usr/lib/pkgconfig/../../lib/mono/gtk-sharp-2.0/gtk-sharp.dll -r:/usr/lib/pkgconfig/../../lib/mono/gtk-sharp-2.0/art-sharp.dll -r:/usr/lib/pkgconfig/../../lib/mono/gtk-sharp-2.0/gnome-vfs-sharp.dll -r:/usr/lib/pkgconfig/../../lib/mono/gtk-sharp-2.0/glib-sharp.dll  '
pkg_cv_GNOME_VFS_SHARP_20_CFLAGS='-I:/usr/lib/pkgconfig/../../share/gapi-2.0/gnome-vfs-api.xml  '
pkg_cv_GNOME_VFS_SHARP_20_LIBS='-r:/usr/lib/pkgconfig/../../lib/mono/gtk-sharp-2.0/gnome-vfs-sharp.dll  '
pkg_cv_GTK_SHARP_20_CFLAGS='-I:/usr/lib/pkgconfig/../../share/gapi-2.0/pango-api.xml -I:/usr/lib/pkgconfig/../../share/gapi-2.0/atk-api.xml -I:/usr/lib/pkgconfig/../../share/gapi-2.0/gdk-api.xml -I:/usr/lib/pkgconfig/../../share/gapi-2.0/gtk-api.xml  '
pkg_cv_GTK_SHARP_20_LIBS='-r:/usr/lib/pkgconfig/../../lib/mono/gtk-sharp-2.0/pango-sharp.dll -r:/usr/lib/pkgconfig/../../lib/mono/gtk-sharp-2.0/atk-sharp.dll -r:/usr/lib/pkgconfig/../../lib/mono/gtk-sharp-2.0/gdk-sharp.dll -r:/usr/lib/pkgconfig/../../lib/mono/gtk-sharp-2.0/gtk-sharp.dll -r:/usr/lib/pkgconfig/../../lib/mono/gtk-sharp-2.0/glib-sharp.dll  '

## ----------------- ##
## Output variables. ##
## ----------------- ##

ACLOCAL='${SHELL} /home/alan/Projects/buchan/missing --run aclocal-1.10'
AMTAR='${SHELL} /home/alan/Projects/buchan/missing --run tar'
AUTOCONF='${SHELL} /home/alan/Projects/buchan/missing --run autoconf'
AUTOHEADER='${SHELL} /home/alan/Projects/buchan/missing --run autoheader'
AUTOMAKE='${SHELL} /home/alan/Projects/buchan/missing --run automake-1.10'
AWK='gawk'
CYGPATH_W='echo'
DEFS='-DPACKAGE_NAME=\"MonoTorrent.Interface\" -DPACKAGE_TARNAME=\"monotorrent-interface\" -DPACKAGE_VERSION=\"0.1\" -DPACKAGE_STRING=\"MonoTorrent.Interface\ 0.1\" -DPACKAGE_BUGREPORT=\"\" -DPACKAGE=\"monotorrent-interface\" -DVERSION=\"0.1\"'
ECHO_C=''
ECHO_N='-n'
ECHO_T=''
ENABLE_DEBUG_FALSE=''
ENABLE_DEBUG_TRUE='#'
ENABLE_RELEASE_FALSE='#'
ENABLE_RELEASE_TRUE=''
GCONF_SHARP_20_CFLAGS='-I:/usr/lib/pkgconfig/../../share/gapi-2.0/gnome-api.xml -I:/usr/lib/pkgconfig/../../share/gapi-2.0/pango-api.xml -I:/usr/lib/pkgconfig/../../share/gapi-2.0/atk-api.xml -I:/usr/lib/pkgconfig/../../share/gapi-2.0/gdk-api.xml -I:/usr/lib/pkgconfig/../../share/gapi-2.0/gtk-api.xml -I:/usr/lib/pkgconfig/../../share/gapi-2.0/art-api.xml -I:/usr/lib/pkgconfig/../../share/gapi-2.0/gnome-vfs-api.xml  '
GCONF_SHARP_20_LIBS='-r:/usr/lib/pkgconfig/../../lib/mono/gtk-sharp-2.0/gconf-sharp.dll -r:/usr/lib/pkgconfig/../../lib/mono/gtk-sharp-2.0/gconf-sharp-peditors.dll -r:/usr/lib/pkgconfig/../../lib/mono/gtk-sharp-2.0/gnome-sharp.dll -r:/usr/lib/pkgconfig/../../lib/mono/gtk-sharp-2.0/pango-sharp.dll -r:/usr/lib/pkgconfig/../../lib/mono/gtk-sharp-2.0/atk-sharp.dll -r:/usr/lib/pkgconfig/../../lib/mono/gtk-sharp-2.0/gdk-sharp.dll -r:/usr/lib/pkgconfig/../../lib/mono/gtk-sharp-2.0/gtk-sharp.dll -r:/usr/lib/pkgconfig/../../lib/mono/gtk-sharp-2.0/art-sharp.dll -r:/usr/lib/pkgconfig/../../lib/mono/gtk-sharp-2.0/gnome-vfs-sharp.dll -r:/usr/lib/pkgconfig/../../lib/mono/gtk-sharp-2.0/glib-sharp.dll  '
GLADE_SHARP_20_CFLAGS='-I:/usr/lib/pkgconfig/../../share/gapi-2.0/glade-api.xml -I:/usr/lib/pkgconfig/../../share/gapi-2.0/pango-api.xml -I:/usr/lib/pkgconfig/../../share/gapi-2.0/atk-api.xml -I:/usr/lib/pkgconfig/../../share/gapi-2.0/gdk-api.xml -I:/usr/lib/pkgconfig/../../share/gapi-2.0/gtk-api.xml  '
GLADE_SHARP_20_LIBS='-r:/usr/lib/pkgconfig/../../lib/mono/gtk-sharp-2.0/glade-sharp.dll -r:/usr/lib/pkgconfig/../../lib/mono/gtk-sharp-2.0/pango-sharp.dll -r:/usr/lib/pkgconfig/../../lib/mono/gtk-sharp-2.0/atk-sharp.dll -r:/usr/lib/pkgconfig/../../lib/mono/gtk-sharp-2.0/gdk-sharp.dll -r:/usr/lib/pkgconfig/../../lib/mono/gtk-sharp-2.0/gtk-sharp.dll -r:/usr/lib/pkgconfig/../../lib/mono/gtk-sharp-2.0/glib-sharp.dll  '
GLIB_SHARP_20_CFLAGS=' '
GLIB_SHARP_20_LIBS='-r:/usr/lib/pkgconfig/../../lib/mono/gtk-sharp-2.0/glib-sharp.dll  '
GMCS='/usr/bin/gmcs'
GNOME_SHARP_20_CFLAGS='-I:/usr/lib/pkgconfig/../../share/gapi-2.0/gnome-api.xml -I:/usr/lib/pkgconfig/../../share/gapi-2.0/pango-api.xml -I:/usr/lib/pkgconfig/../../share/gapi-2.0/atk-api.xml -I:/usr/lib/pkgconfig/../../share/gapi-2.0/gdk-api.xml -I:/usr/lib/pkgconfig/../../share/gapi-2.0/gtk-api.xml -I:/usr/lib/pkgconfig/../../share/gapi-2.0/art-api.xml -I:/usr/lib/pkgconfig/../../share/gapi-2.0/gnome-vfs-api.xml  '
GNOME_SHARP_20_LIBS='-r:/usr/lib/pkgconfig/../../lib/mono/gtk-sharp-2.0/gnome-sharp.dll -r:/usr/lib/pkgconfig/../../lib/mono/gtk-sharp-2.0/pango-sharp.dll -r:/usr/lib/pkgconfig/../../lib/mono/gtk-sharp-2.0/atk-sharp.dll -r:/usr/lib/pkgconfig/../../lib/mono/gtk-sharp-2.0/gdk-sharp.dll -r:/usr/lib/pkgconfig/../../lib/mono/gtk-sharp-2.0/gtk-sharp.dll -r:/usr/lib/pkgconfig/../../lib/mono/gtk-sharp-2.0/art-sharp.dll -r:/usr/lib/pkgconfig/../../lib/mono/gtk-sharp-2.0/gnome-vfs-sharp.dll -r:/usr/lib/pkgconfig/../../lib/mono/gtk-sharp-2.0/glib-sharp.dll  '
GNOME_VFS_SHARP_20_CFLAGS='-I:/usr/lib/pkgconfig/../../share/gapi-2.0/gnome-vfs-api.xml  '
GNOME_VFS_SHARP_20_LIBS='-r:/usr/lib/pkgconfig/../../lib/mono/gtk-sharp-2.0/gnome-vfs-sharp.dll  '
GTK_SHARP_20_CFLAGS='-I:/usr/lib/pkgconfig/../../share/gapi-2.0/pango-api.xml -I:/usr/lib/pkgconfig/../../share/gapi-2.0/atk-api.xml -I:/usr/lib/pkgconfig/../../share/gapi-2.0/gdk-api.xml -I:/usr/lib/pkgconfig/../../share/gapi-2.0/gtk-api.xml  '
GTK_SHARP_20_LIBS='-r:/usr/lib/pkgconfig/../../lib/mono/gtk-sharp-2.0/pango-sharp.dll -r:/usr/lib/pkgconfig/../../lib/mono/gtk-sharp-2.0/atk-sharp.dll -r:/usr/lib/pkgconfig/../../lib/mono/gtk-sharp-2.0/gdk-sharp.dll -r:/usr/lib/pkgconfig/../../lib/mono/gtk-sharp-2.0/gtk-sharp.dll -r:/usr/lib/pkgconfig/../../lib/mono/gtk-sharp-2.0/glib-sharp.dll  '
INSTALL_DATA='${INSTALL} -m 644'
INSTALL_PROGRAM='${INSTALL}'
INSTALL_SCRIPT='${INSTALL}'
INSTALL_STRIP_PROGRAM='$(install_sh) -c -s'
LIBOBJS=''
LIBS=''
LTLIBOBJS=''
MAKEINFO='${SHELL} /home/alan/Projects/buchan/missing --run makeinfo'
PACKAGE='monotorrent-interface'
PACKAGE_BUGREPORT=''
PACKAGE_NAME='MonoTorrent.Interface'
PACKAGE_STRING='MonoTorrent.Interface 0.1'
PACKAGE_TARNAME='monotorrent-interface'
PACKAGE_VERSION='0.1'
PATH_SEPARATOR=':'
PKG_CONFIG='/usr/bin/pkg-config'
SET_MAKE=''
SHELL='/bin/sh'
STRIP=''
VERSION='0.1'
am__isrc=''
am__leading_dot='.'
am__tar='tar --format=posix -chf - "$$tardir"'
am__untar='tar -xf -'
bindir='${exec_prefix}/bin'
build_alias=''
datadir='${datarootdir}'
datarootdir='${prefix}/share'
docdir='${datarootdir}/doc/${PACKAGE_TARNAME}'
dvidir='${docdir}'
exec_prefix='/usr/local'
expanded_bindir='/usr/local/bin'
expanded_datadir='/usr/local/share'
expanded_libdir='/usr/local/lib'
host_alias=''
htmldir='${docdir}'
includedir='${prefix}/include'
infodir='${datarootdir}/info'
install_sh='$(SHELL) /home/alan/Projects/buchan/install-sh'
libdir='${exec_prefix}/lib'
libexecdir='${exec_prefix}/libexec'
localedir='${datarootdir}/locale'
localstatedir='${prefix}/var'
mandir='${datarootdir}/man'
mkdir_p='/bin/mkdir -p'
oldincludedir='/usr/include'
pdfdir='${docdir}'
prefix='/usr/local'
program_transform_name='s,x,x,'
psdir='${docdir}'
sbindir='${exec_prefix}/sbin'
sharedstatedir='${prefix}/com'
sysconfdir='${prefix}/etc'
target_alias=''

## ----------- ##
## confdefs.h. ##
## ----------- ##

#define PACKAGE_NAME "MonoTorrent.Interface"
#define PACKAGE_TARNAME "monotorrent-interface"
#define PACKAGE_VERSION "0.1"
#define PACKAGE_STRING "MonoTorrent.Interface 0.1"
#define PACKAGE_BUGREPORT ""
#define PACKAGE "monotorrent-interface"
#define VERSION "0.1"

configure: exit 0
